<?xml version="1.0" encoding="UTF-8"?>
<!-- Generated by org.testng.reporters.JUnitReportReporter -->
<testsuite skipped="0" hostname="WIN-GEDESCREUP8" name="NewTest" tests="1" failures="0" timestamp="15 Mar 2018 23:31:39 GMT" time="2.275" errors="0">
  <testcase name="mavenTest" time="2.275" classname="NewTest"/>
</testsuite> <!-- NewTest -->
