<?xml version="1.0" encoding="UTF-8"?>
<!-- Generated by org.testng.reporters.JUnitReportReporter -->
<testsuite skipped="0" hostname="WIN-GEDESCREUP8" name="TestPackage.NewTest" tests="1" failures="0" timestamp="16 Mar 2018 00:10:58 GMT" time="2.801" errors="0">
  <testcase name="mavenTest" time="2.801" classname="TestPackage.NewTest"/>
</testsuite> <!-- TestPackage.NewTest -->
